<?xml version="1.0" encoding="UTF-8"?>
<!-- Generated by org.testng.reporters.JUnitReportReporter -->
<testsuite hostname="vtompe-lap20" failures="0" tests="1" name="com.nopcom.testcases.Test001_HomePage" time="0.136" errors="0" timestamp="2022-10-04T17:53:40 IST" skipped="0">
  <testcase classname="com.nopcom.testcases.Test001_HomePage" name="testLogo" time="0.136"/>
  <system-out/>
</testsuite> <!-- com.nopcom.testcases.Test001_HomePage -->
